<?xml version="1.0" encoding="UTF-8" ?>
<testsuite tests="0" failures="0" name="com.ll.exam.AppTest" time="0" errors="0" skipped="0">
    <properties>
        <property name="idea.version" value="2022.1.4"/>
        <property name="java.runtime.name" value="OpenJDK Runtime Environment"/>
        <property name="java.vm.version" value="17.0.3+6-LTS"/>
        <property name="sun.boot.library.path" value="C:\Users\jhs512\.jdks\corretto-17.0.3\bin"/>
        <property name="maven.multiModuleProjectDirectory" value="C:\work\intellij_projects\comm_4th"/>
        <property name="java.vm.vendor" value="Amazon.com Inc."/>
        <property name="java.vendor.url" value="https://aws.amazon.com/corretto/"/>
        <property name="guice.disable.misplaced.annotation.check" value="true"/>
        <property name="path.separator" value=";"/>
        <property name="java.vm.name" value="OpenJDK 64-Bit Server VM"/>
        <property name="sun.os.patch.level" value=""/>
        <property name="user.script" value=""/>
        <property name="user.country" value="KR"/>
        <property name="sun.java.launcher" value="SUN_STANDARD"/>
        <property name="java.vm.specification.name" value="Java Virtual Machine Specification"/>
        <property name="user.dir" value="C:\work\intellij_projects\comm_4th"/>
        <property name="java.vm.compressedOopsMode" value="Zero based"/>
        <property name="java.runtime.version" value="17.0.3+6-LTS"/>
        <property name="os.arch" value="amd64"/>
        <property name="java.io.tmpdir" value="C:\Users\jhs512\AppData\Local\Temp\"/>
        <property name="line.separator" value="
"/>
        <property name="java.vm.specification.vendor" value="Oracle Corporation"/>
        <property name="user.variant" value=""/>
        <property name="os.name" value="Windows 11"/>
        <property name="maven.ext.class.path" value="C:\Program Files\JetBrains\IntelliJ IDEA Community Edition 2022.1.2\plugins\maven\lib\maven-event-listener.jar"/>
        <property name="classworlds.conf" value="C:\Program Files\JetBrains\IntelliJ IDEA Community Edition 2022.1.2\plugins\maven\lib\maven3\bin\m2.conf"/>
        <property name="sun.jnu.encoding" value="MS949"/>
        <property name="java.library.path" value="C:\Users\jhs512\.jdks\corretto-17.0.3\bin;C:\Windows\Sun\Java\bin;C:\Windows\system32;C:\Windows;C:\Program Files\Common Files\Oracle\Java\javapath;C:\Windows\system32;C:\Windows;C:\Windows\System32\Wbem;C:\Windows\System32\WindowsPowerShell\v1.0\;C:\Windows\System32\OpenSSH\;C:\Program Files (x86)\NVIDIA Corporation\PhysX\Common;C:\Program Files\NVIDIA Corporation\NVIDIA NvDLISR;C:\Program Files\dotnet\;C:\Program Files\Git\cmd;C:\Users\jhs512\AppData\Roaming\nvm;C:\Program Files\nodejs;C:\Program Files\PuTTY\;C:\MinGW\bin;C:\Users\jhs512\AppData\Local\Programs\Python\Python39\Scripts\;C:\Users\jhs512\AppData\Local\Programs\Python\Python39\;C:\Users\jhs512\AppData\Local\Microsoft\WindowsApps;C:\work\Microsoft VS Code\bin;."/>
        <property name="maven.conf" value="C:\Program Files\JetBrains\IntelliJ IDEA Community Edition 2022.1.2\plugins\maven\lib\maven3/conf"/>
        <property name="jdk.debug" value="release"/>
        <property name="java.class.version" value="61.0"/>
        <property name="java.specification.name" value="Java Platform API Specification"/>
        <property name="sun.management.compiler" value="HotSpot 64-Bit Tiered Compilers"/>
        <property name="os.version" value="10.0"/>
        <property name="user.home" value="C:\Users\jhs512"/>
        <property name="user.timezone" value="Asia/Seoul"/>
        <property name="file.encoding" value="UTF-8"/>
        <property name="java.specification.version" value="17"/>
        <property name="user.name" value="jhs512"/>
        <property name="java.class.path" value="C:\Program Files\JetBrains\IntelliJ IDEA Community Edition 2022.1.2\plugins\maven\lib\maven3\boot\plexus-classworlds-2.6.0.jar;C:\Program Files\JetBrains\IntelliJ IDEA Community Edition 2022.1.2\plugins\maven\lib\maven3\boot\plexus-classworlds.license"/>
        <property name="java.vm.specification.version" value="17"/>
        <property name="sun.arch.data.model" value="64"/>
        <property name="sun.java.command" value="org.codehaus.classworlds.Launcher -Didea.version=2022.1.4 org.apache.tomcat.maven:tomcat7-maven-plugin:2.2:deploy"/>
        <property name="java.home" value="C:\Users\jhs512\.jdks\corretto-17.0.3"/>
        <property name="user.language" value="ko"/>
        <property name="java.specification.vendor" value="Oracle Corporation"/>
        <property name="java.vm.info" value="mixed mode, sharing"/>
        <property name="java.version" value="17.0.3"/>
        <property name="native.encoding" value="MS949"/>
        <property name="java.vendor" value="Amazon.com Inc."/>
        <property name="maven.home" value="C:\Program Files\JetBrains\IntelliJ IDEA Community Edition 2022.1.2\plugins\maven\lib\maven3"/>
        <property name="file.separator" value="\"/>
        <property name="java.version.date" value="2022-04-19"/>
        <property name="java.vendor.url.bug" value="https://github.com/corretto/corretto-17/issues/"/>
        <property name="sun.io.unicode.encoding" value="UnicodeLittle"/>
        <property name="sun.cpu.endian" value="little"/>
        <property name="java.vendor.version" value="Corretto-17.0.3.6.1"/>
        <property name="sun.cpu.isalist" value="amd64"/>
    </properties>
</testsuite>